<?xml version="1.0" encoding="UTF-8"?>
<testng-results ignored="0" total="1" passed="1" failed="0" skipped="0">
  <reporter-output>
    <line>
      <![CDATA[Required page is displayed]]>
    </line>
    <line>
      <![CDATA[Element is Visible]]>
    </line>
    <line>
      <![CDATA[Required page is displayed]]>
    </line>
    <line>
      <![CDATA[Test:testA is Pass ]]>
    </line>
    <line>
      <![CDATA[TestName:testA Status:PASS]]>
    </line>
  </reporter-output>
  <suite started-at="2018-10-21T12:30:41Z" name="Suite" finished-at="2018-10-21T12:31:05Z" duration-ms="23920">
    <groups>
      <group name="smoke">
        <method signature="OrangeTC1.testA()[pri:1, instance:script.OrangeTC1@38102d01]" name="testA" class="script.OrangeTC1"/>
      </group> <!-- smoke -->
    </groups>
    <test started-at="2018-10-21T12:30:41Z" name="Test" finished-at="2018-10-21T12:31:05Z" duration-ms="23920">
      <class name="script.OrangeTC1">
        <test-method is-config="true" signature="openApp(java.lang.String, java.lang.String)[pri:0, instance:script.OrangeTC1@38102d01]" started-at="2018-10-21T12:30:41Z" name="openApp" finished-at="2018-10-21T12:30:51Z" duration-ms="10016" status="PASS">
          <params>
            <param index="0">
              <value>
                <![CDATA[localhost]]>
              </value>
            </param>
            <param index="1">
              <value>
                <![CDATA[chrome]]>
              </value>
            </param>
          </params>
          <reporter-output>
          </reporter-output>
        </test-method> <!-- openApp -->
        <test-method signature="testA()[pri:1, instance:script.OrangeTC1@38102d01]" started-at="2018-10-21T12:30:51Z" name="testA" finished-at="2018-10-21T12:31:04Z" duration-ms="13116" status="PASS">
          <reporter-output>
            <line>
              <![CDATA[Required page is displayed]]>
            </line>
            <line>
              <![CDATA[Element is Visible]]>
            </line>
            <line>
              <![CDATA[Required page is displayed]]>
            </line>
            <line>
              <![CDATA[Test:testA is Pass ]]>
            </line>
          </reporter-output>
        </test-method> <!-- testA -->
        <test-method is-config="true" signature="closeApp(org.testng.ITestResult)[pri:0, instance:script.OrangeTC1@38102d01]" started-at="2018-10-21T12:31:04Z" name="closeApp" finished-at="2018-10-21T12:31:05Z" duration-ms="764" status="PASS">
          <params>
            <param index="0">
              <value>
                <![CDATA[[TestResult name=testA status=SUCCESS method=OrangeTC1.testA()[pri:1, instance:script.OrangeTC1@38102d01] output=Required page is displayed]]]>
              </value>
            </param>
          </params>
          <reporter-output>
            <line>
              <![CDATA[TestName:testA Status:PASS]]>
            </line>
          </reporter-output>
        </test-method> <!-- closeApp -->
      </class> <!-- script.OrangeTC1 -->
    </test> <!-- Test -->
  </suite> <!-- Suite -->
</testng-results>
